{"level":"info","message":"Server running on port 3000","service":"icarsolutions-api","timestamp":"2025-12-04T20:55:00.024Z"}
{"level":"info","message":"Server running on port 3000","service":"icarsolutions-api","timestamp":"2025-12-04T23:36:06.849Z"}
{"hint":"Double check your Supabase `anon` or `service_role` API key.","level":"error","message":"Error getting vehicles: Invalid API key","service":"icarsolutions-api","timestamp":"2025-12-04T23:37:51.266Z"}
{"hint":"Double check your Supabase `anon` or `service_role` API key.","level":"error","message":"Unhandled error: Invalid API key","service":"icarsolutions-api","timestamp":"2025-12-04T23:37:51.273Z"}
{"hint":"Double check your Supabase `anon` or `service_role` API key.","level":"error","message":"Error getting vehicles: Invalid API key","service":"icarsolutions-api","timestamp":"2025-12-04T23:38:24.837Z"}
{"hint":"Double check your Supabase `anon` or `service_role` API key.","level":"error","message":"Unhandled error: Invalid API key","service":"icarsolutions-api","timestamp":"2025-12-04T23:38:24.839Z"}
{"hint":"Double check your Supabase `anon` or `service_role` API key.","level":"error","message":"Error getting vehicles: Invalid API key","service":"icarsolutions-api","timestamp":"2025-12-04T23:38:31.404Z"}
{"hint":"Double check your Supabase `anon` or `service_role` API key.","level":"error","message":"Unhandled error: Invalid API key","service":"icarsolutions-api","timestamp":"2025-12-04T23:38:31.405Z"}
{"hint":"Double check your Supabase `anon` or `service_role` API key.","level":"error","message":"Error getting vehicles: Invalid API key","service":"icarsolutions-api","timestamp":"2025-12-04T23:38:37.538Z"}
{"hint":"Double check your Supabase `anon` or `service_role` API key.","level":"error","message":"Unhandled error: Invalid API key","service":"icarsolutions-api","timestamp":"2025-12-04T23:38:37.540Z"}
{"level":"info","message":"Server running on port 3000","service":"icarsolutions-api","timestamp":"2025-12-04T23:38:59.168Z"}
{"level":"info","message":"Server running on port 3000","service":"icarsolutions-api","timestamp":"2025-12-04T23:41:02.394Z"}
{"hint":"Double check your Supabase `anon` or `service_role` API key.","level":"error","message":"Error getting vehicles: Invalid API key","service":"icarsolutions-api","timestamp":"2025-12-04T23:41:45.600Z"}
{"hint":"Double check your Supabase `anon` or `service_role` API key.","level":"error","message":"Unhandled error: Invalid API key","service":"icarsolutions-api","timestamp":"2025-12-04T23:41:45.603Z"}
{"level":"info","message":"Server running on port 3000","service":"icarsolutions-api","timestamp":"2025-12-04T23:44:16.931Z"}
{"level":"info","message":"Server running on port 3000","service":"icarsolutions-api","timestamp":"2025-12-05T01:11:04.755Z"}
{"code":"","details":"TypeError: fetch failed\n\nCaused by: Error: getaddrinfo ENOTFOUND bxwxsotrqnnhypbbbyft.supabase.co (ENOTFOUND)\nError: getaddrinfo ENOTFOUND bxwxsotrqnnhypbbbyft.supabase.co\n    at GetAddrInfoReqWrap.onlookupall [as oncomplete] (node:dns:120:26)","hint":"","level":"error","message":"Error getting vehicles: TypeError: fetch failed","service":"icarsolutions-api","timestamp":"2025-12-05T01:11:41.383Z"}
{"code":"","details":"TypeError: fetch failed\n\nCaused by: Error: getaddrinfo ENOTFOUND bxwxsotrqnnhypbbbyft.supabase.co (ENOTFOUND)\nError: getaddrinfo ENOTFOUND bxwxsotrqnnhypbbbyft.supabase.co\n    at GetAddrInfoReqWrap.onlookupall [as oncomplete] (node:dns:120:26)","hint":"","level":"error","message":"Unhandled error: TypeError: fetch failed","service":"icarsolutions-api","timestamp":"2025-12-05T01:11:41.386Z"}
{"level":"info","message":"Server running on port 3000","service":"icarsolutions-api","timestamp":"2025-12-05T04:31:25.866Z"}
{"level":"info","message":"Server running on port 3000","service":"icarsolutions-api","timestamp":"2025-12-12T22:44:17.861Z"}
{"level":"info","message":"Server running on port 3000","service":"icarsolutions-api","timestamp":"2026-01-07T01:46:09.420Z"}
